1 0.0375271
101 0.203797
201 0.380807
301 0.529134
401 0.682047
501 0.831968
601 1.02159
701 1.18674
801 1.52188
901 2.32933
1001 2.89897
1101 3.22594
1201 3.46055
1301 3.76476
1401 4.05539
1501 4.3281
1601 5.71346
1701 7.23229
1801 7.70054
1901 8.11807
2001 8.5305
2101 8.94817
2201 9.36413
2301 9.82629
2401 11.9559
2501 14.1544
2601 14.7167
2701 15.2826
2801 15.8367
2901 16.3905
3001 16.9442
3101 20.6393
3201 22.152
3301 23.6683
3401 24.3717
3501 25.0838
3601 25.7888
3701 26.4994
3801 27.206
3901 29.589
4001 32.996
4101 34.5229
4201 35.3551
4301 36.1915
4401 37.019
4501 38.0651
4601 38.9034
4701 43.053
4801 47.2395
4901 48.2198
5001 49.2016
5101 50.1747
5201 51.1518
5301 52.131
5401 55.0857
5501 57.9381
5601 62.8273
5701 63.9391
5801 65.0532
5901 66.1774
6001 67.2936
6101 68.4031
6201 76.0716
6301 78.5221
6401 81.3488
6501 82.6073
6601 83.8843
6701 85.1823
6801 86.4269
6901 87.7074
7001 93.0554
7101 98.026
7201 100.626
7301 102.018
7401 103.416
7501 104.808
7601 106.201
7701 110.401
7801 114.436
7901 121.306
8001 122.837
8101 124.372
8201 125.907
8301 127.435
8401 128.968
8501 135.019
8601 141.023
8701 145.582
8801 147.251
8901 148.927
9001 150.601
9101 152.266
9201 154.136
9301 166.166
9401 170.631
9501 173.539
9601 175.355
9701 177.199
9801 179.024
9901 180.845
10001 185.354
10101 190.387
10201 199.242
10301 201.197
10401 203.137
10501 205.102
10601 207.058
10701 209.014
10801 216.653
10901 224.307
11001 230.083
11101 232.168
11201 234.286
11301 236.357
11401 238.462
11501 240.554
11601 250.734
11701 258.955
11801 263.141
11901 265.356
12001 267.607
12101 269.824
12201 272.049
12301 286.556
12401 290.314
12501 297.41
12601 299.824
12701 302.189
12801 304.607
12901 306.974
13001 309.371
13101 317.185
13201 326.329
13301 333.312
13401 335.828
13501 338.35
13601 340.873
13701 343.395
13801 345.917
13901 358.07
14001 367.865
14101 372.876
14201 375.55
14301 378.194
14401 380.841
14501 383.491
14601 391.423
14701 399.062
14801 411.875
14901 414.667
15001 417.437
