1 0.088917
101 0.164294
201 0.259174
301 0.485847
401 0.702969
501 0.947547
601 1.51181
701 1.87959
801 2.61751
901 3.10564
1001 3.6323
1101 4.63078
1201 5.28674
1301 6.48044
1401 7.21148
1501 7.97167
1601 9.5281
1701 10.4326
1801 12.0955
1901 13.2148
2001 14.2803
2101 16.4587
2201 17.8144
2301 19.1351
2401 21.777
2501 23.1377
2601 25.6706
2701 27.1976
2801 28.6836
2901 31.5015
3001 33.1195
3101 35.7724
3201 38.0785
3301 39.8507
3401 43.1931
3501 45.0896
3601 48.1616
3701 50.612
3801 52.7397
3901 56.7083
4001 59.1886
4101 62.7255
4201 65.5588
4301 67.8739
4401 72.1734
4501 74.6621
4601 77.1359
4701 81.7782
4801 84.7084
4901 89.3494
5001 92.1631
5101 94.9049
5201 100.095
5301 102.958
5401 107.554
5501 111.262
5601 114.599
5701 120.284
5801 123.401
5901 128.422
6001 132.469
6101 135.73
6201 141.834
6301 145.361
6401 151.183
6501 155.544
6601 159.117
6701 165.731
6801 169.502
6901 173.202
7001 180.035
7101 183.865
7201 191.469
7301 195.538
7401 199.516
7501 206.914
7601 210.985
7701 217.683
7801 222.94
7901 227.216
8001 235.316
8101 239.77
8201 246.997
8301 252.652
8401 257.194
8501 265.446
8601 270.164
8701 274.821
8801 284.225
8901 289.073
9001 297.442
9101 302.656
9201 307.575
9301 317.115
9401 322.163
9501 330.237
9601 337.299
9701 342.489
9801 352.374
9901 357.723
10001 366.03
