1 0.040298
101 0.140636
201 0.211519
301 0.383505
401 1.154106
501 1.960471
601 2.626566
701 3.512015
801 4.492994
901 5.615357
1001 5.430448
1101 8.140358
1201 9.551844
1301 11.156379
1401 12.869619
1501 14.728837
1601 16.672521
1701 18.754411
1801 19.672280
1901 23.313808
2001 24.522151
2101 28.454413
2201 29.731730
2301 32.271367
2401 35.050475
2501 36.291920
2601 40.313649
2701 43.154735
2801 44.938308
2901 55.457472
3001 51.247664
3101 54.030563
3201 58.949033
3301 61.480176
3401 65.210168
3501 68.651133
3601 72.634991
3701 75.407272
3801 80.424494
3901 84.835620
4001 87.883805
4101 92.373803
4201 95.833369
4301 100.457546
4401 106.245219
4501 110.426093
4601 115.381143
4701 120.505144
4801 124.773503
4901 129.977760
5001 135.512399
5101 139.855644
5201 146.809175
5301 151.353483
5401 156.288614
5501 186.289857
5601 169.416551
5701 199.911442
5801 181.972270
5901 214.350018
6001 221.657196
6101 199.652323
6201 236.148921
6301 212.154782
6401 251.401513
6501 258.549114
6601 233.544477
6701 274.020122
6801 246.932078
6901 290.860584
7001 300.270736
7101 269.215778
7201 318.798886
7301 284.336897
7401 336.195258
7501 300.115073
7601 352.107216
7701 363.763871
7801 324.917148
7901 383.941004
8001 340.894494
8101 402.227215
8201 414.189818
8301 367.186736
8401 432.339544
8501 385.775652
8601 451.703036
8701 403.516261
8801 517.425428
8901 528.555033
9001 432.098343
9101 549.509728
9201 451.053391
9301 571.913346
9401 540.341413
9501 478.653853
9601 561.681245
9701 500.921927
9801 633.589100
9901 599.381749
10001 531.632885
