1 0.038871
101 0.081129
201 0.242972
301 0.332504
401 0.497436
501 1.351209
601 2.189938
701 2.890257
801 3.645813
901 4.219619
1001 8.404134
1101 6.727120
1201 7.976483
1301 9.406073
1401 9.321416
1501 12.182429
1601 13.768455
1701 14.256952
1801 17.451939
1901 17.936408
2001 20.003945
2101 22.034571
2201 25.610728
2301 26.666693
2401 28.081129
2501 31.688701
2601 32.969706
2701 35.943887
2801 38.407702
2901 47.592209
3001 43.536507
3101 45.081477
3201 48.931283
3301 51.837847
3401 54.127349
3501 57.551809
3601 61.014815
3701 63.225532
3801 67.654768
3901 70.910967
4001 74.320670
4101 78.111326
4201 81.610510
4301 85.257964
4401 88.036168
4501 91.926041
4601 95.837136
4701 99.976591
4801 105.815271
4901 108.853650
5001 112.106856
5101 116.870830
5201 122.648876
5301 126.241007
5401 132.259031
5501 191.147926
5601 140.903392
5701 172.988910
5801 150.064905
5901 183.290493
6001 190.883447
6101 166.290578
6201 203.084391
6301 177.320356
6401 216.377832
6501 222.151252
6601 193.660484
6701 235.592054
6801 207.072670
6901 249.600593
7001 298.912512
7101 225.113044
7201 271.754033
7301 236.500987
7401 287.762878
7501 249.823182
7601 304.262161
7701 311.079382
7801 269.312053
7901 327.110369
8001 282.151837
8101 344.082117
8201 352.844944
8301 305.517815
8401 369.854580
8501 319.526229
8601 389.136673
8701 334.166033
8801 406.986510
8901 414.395625
9001 358.711132
9101 432.291373
9201 373.192709
9301 453.610067
9401 514.149225
9501 398.359471
9601 481.629924
9701 415.752873
9801 502.051744
9901 513.083007
10001 439.512950
