1 0.024205
101 0.252348
201 0.894852
301 1.975697
401 3.524488
501 5.350049
601 7.667595
701 10.568897
801 13.777235
901 17.369392
1001 21.239218
1101 25.518649
1201 30.594615
1301 35.604799
1401 41.146625
1501 47.195838
1601 53.923930
1701 60.596842
1801 67.879413
1901 75.696843
2001 83.629127
2101 92.392770
2201 101.150977
2301 110.541517
2401 120.601405
2501 130.750112
2601 141.361767
2701 152.404183
2801 163.762986
2901 232.137968
3001 187.713910
3101 200.696403
3201 213.613222
3301 227.233205
3401 241.190914
3501 255.941740
3601 270.263524
3701 285.416369
3801 301.573713
3901 317.345303
4001 333.314647
4101 350.706133
4201 367.842091
4301 385.641542
4401 403.549820
4501 422.537775
4601 441.195122
4701 460.095518
4801 480.549006
4901 500.859438
5001 521.706177
