1 0.049897
101 0.302990
201 1.125019
301 2.441177
401 4.251442
501 6.614895
601 9.614590
701 12.899736
801 16.907901
901 21.559230
1001 26.350620
1101 32.803680
1201 37.686968
1301 44.143039
1401 51.232094
1501 58.804737
1601 66.826998
1701 75.463815
1801 84.764981
1901 94.014695
2001 104.102447
2101 114.903151
2201 126.065443
2301 137.655892
2401 149.895889
2501 162.546949
2601 175.878105
2701 189.642044
2801 203.842185
2901 311.518995
3001 234.268031
3101 249.829982
3201 266.062005
3301 282.950184
3401 300.264975
3501 318.385802
3601 336.418117
3701 355.619202
3801 375.107002
3901 394.814321
4001 415.488624
