1 0.000000
101 0.311912
201 0.793717
301 1.398792
401 2.068513
501 2.776837
601 3.601381
701 4.292738
801 5.112705
901 6.051376
1001 7.034950
1101 7.879702
1201 8.857888
1301 9.911066
1401 10.962654
1501 9.808593
1601 11.470865
1701 13.835696
1801 11.622907
1901 12.500326
2001 13.555948
2101 14.583142
2201 14.983803
2301 18.372144
2401 16.857752
2501 18.120120
2601 19.185702
2701 19.792611
2801 20.598775
2901 21.576290
3001 22.837340
3101 23.521664
3201 25.148822
3301 25.609169
3401 26.489590
3501 27.636825
3601 26.411049
3701 29.462814
3801 26.618423
3901 29.060373
4001 29.572809
4101 33.445611
4201 34.594988
4301 35.775559
4401 37.172644
4501 37.186240
4601 39.106812
4701 38.371808
4801 39.175333
4901 37.043448
5001 37.304471
5101 40.104450
5201 40.044094
5301 42.109707
5401 46.686855
5501 43.571891
5601 44.058437
5701 45.244561
5801 45.721865
5901 51.401877
6001 46.768419
6101 49.296989
6201 55.097436
6301 57.571953
6401 57.021330
6501 53.135651
6601 56.560115
6701 54.232360
6801 54.716218
6901 55.432429
7001 57.699592
7101 65.812403
7201 64.896117
7301 59.688716
7401 61.596351
7501 62.427793
7601 72.333493
7701 63.985724
7801 65.698012
7901 66.768887
8001 74.811578
8101 68.325650
8201 69.322388
8301 69.865481
8401 71.978436
8501 74.952317
8601 82.435164
8701 82.101691
8801 76.644224
8901 76.347942
9001 78.263656
9101 80.398176
9201 79.072078
9301 81.843850
9401 82.844365
9501 81.647845
9601 82.871155
9701 85.278870
9801 85.477982
9901 86.797489
10001 93.945419
10101 91.787995
10201 88.493536
10301 90.362189
10401 92.196013
10501 98.308221
10601 101.967439
10701 93.476859
10801 98.485627
10901 97.436419
11001 98.738148
11101 99.820396
11201 98.955386
11301 101.176507
11401 103.266841
11501 102.882587
11601 104.649187
11701 105.863581
11801 106.858573
11901 107.562387
12001 108.800753
12101 120.559749
12201 110.182876
12301 112.916266
12401 113.320168
12501 114.197689
12601 117.074959
12701 115.791269
12801 117.376544
12901 118.434252
13001 120.404065
13101 122.783544
13201 121.772497
13301 123.558918
13401 125.142318
13501 130.306207
13601 127.420693
13701 127.448689
13801 130.106076
13901 130.336974
14001 139.705288
14101 133.014848
14201 132.562158
14301 134.101914
14401 143.143354
14501 142.564308
14601 138.664897
14701 148.329140
14801 138.607107
14901 141.397802
15001 140.928349
15101 143.738110
15201 153.046722
15301 150.680435
15401 145.467081
15501 145.465682
15601 148.228374
15701 150.867185
15801 155.758330
15901 155.461943
16001 152.137184
16101 154.604398
16201 160.601760
16301 156.477637
16401 164.077579
16501 158.111506
16601 159.562153
16701 164.262532
16801 164.928337
16901 166.284304
17001 164.725014
17101 168.035829
17201 166.772630
17301 166.248897
17401 169.249987
17501 177.729394
17601 171.043705
17701 174.259386
17801 178.646153
17901 175.135928
18001 181.088445
18101 177.886395
18201 176.523295
18301 178.477353
18401 179.514719
18501 181.003451
18601 181.960394
18701 183.107200
18801 185.402503
18901 185.576255
19001 184.518872
19101 191.723545
19201 191.029851
19301 193.475909
19401 191.891066
19501 194.718805
19601 193.376645
19701 195.742334
19801 196.285635
19901 196.114988
20001 197.701629
20101 198.213116
20201 200.970051
20301 205.343224
20401 201.834751
20501 202.080566
20601 205.240422
20701 205.940359
20801 211.374533
20901 207.145086
21001 209.402535
21101 211.894471
21201 214.309462
21301 211.268323
21401 216.476010
21501 214.595129
21601 216.729019
21701 218.358440
21801 219.071622
21901 223.494614
22001 220.294433
22101 224.997703
22201 222.863818
22301 225.289318
22401 224.507401
22501 228.317986
22601 228.846700
22701 238.028573
22801 227.973873
22901 231.267743
23001 234.404926
23101 231.689975
23201 237.388462
23301 237.844763
23401 238.978785
23501 240.454561
23601 239.272494
23701 241.874201
23801 241.944922
23901 241.755998
24001 246.118490
24101 246.593985
24201 247.177378
24301 249.048983
24401 251.232905
24501 250.990409
24601 256.065519
24701 257.633495
24801 253.545131
24901 255.793950
25001 257.715220
