1 0.039927
101 0.0980561
201 0.128566
301 0.197375
401 0.24264
501 0.300866
601 0.357201
701 0.412041
801 0.479373
901 0.525786
1001 0.593412
1101 0.647705
1201 0.709956
1301 0.762343
1401 0.82417
1501 0.884097
1601 0.929515
1701 0.989544
1801 1.05115
1901 1.11436
2001 1.16755
2101 1.26148
2201 1.32046
2301 1.37697
2401 1.43744
2501 1.49694
2601 1.55287
2701 1.61172
2801 1.68159
2901 1.73379
3001 1.78935
3101 1.85889
3201 1.91856
3301 1.97669
3401 2.03379
3501 2.09478
3601 2.17227
3701 2.23184
3801 2.28765
3901 2.38857
4001 2.45037
4101 2.51366
4201 2.57266
4301 2.63491
4401 2.69219
4501 2.75782
4601 2.81002
4701 2.87124
4801 2.93311
4901 3.00188
5001 3.06489
5101 3.12239
5201 3.19252
5301 3.25838
5401 3.34788
5501 3.4095
5601 3.4703
5701 3.52491
5801 3.58279
5901 3.64875
6001 3.70797
6101 3.76087
6201 3.82348
6301 3.88486
6401 3.94396
6501 4.0021
6601 4.05864
6701 4.12512
6801 4.17666
6901 4.24304
7001 4.30641
7101 4.36774
7201 4.43611
7301 4.49737
7401 4.54539
7501 4.58584
7601 4.65553
7701 4.72264
7801 4.78093
7901 4.84033
8001 4.90843
8101 4.97042
8201 5.04507
8301 5.09438
8401 5.15374
8501 5.20597
8601 5.2526
8701 5.3107
8801 5.37504
8901 5.43989
9001 5.50355
9101 5.56576
9201 5.62238
9301 5.68667
9401 5.74382
9501 5.80239
9601 5.86233
9701 5.92797
9801 5.98747
9901 6.05252
10001 6.11164
10101 6.16762
10201 6.2266
10301 6.29313
10401 6.35202
10501 6.40738
10601 6.47128
10701 6.52942
10801 6.59312
10901 6.66006
11001 6.70665
11101 6.77098
11201 6.83863
11301 6.90048
11401 6.95404
11501 7.02362
11601 7.06745
11701 7.13731
11801 7.19356
11901 7.26413
12001 7.3296
12101 7.38602
12201 7.45194
12301 7.50547
12401 7.56681
12501 7.63636
12601 7.6969
12701 7.74779
12801 7.80457
12901 7.85837
13001 7.92048
13101 7.97166
13201 8.04529
13301 8.10648
13401 8.16564
13501 8.23516
13601 8.28584
13701 8.33977
13801 8.40779
13901 8.46625
14001 8.52327
14101 8.58225
14201 8.64405
14301 8.70569
14401 8.7638
14501 8.81648
14601 8.88157
14701 8.9515
14801 9.00442
14901 9.06306
15001 9.10964
15101 9.1725
15201 9.24124
15301 9.29992
15401 9.35698
15501 9.4179
15601 9.47803
15701 9.5384
15801 9.60231
15901 9.65686
16001 9.71757
16101 9.77636
16201 9.83951
16301 9.91058
16401 9.98392
16501 10.0465
16601 10.1015
16701 10.1443
16801 10.1998
16901 10.2626
17001 10.3279
17101 10.3926
17201 10.4478
17301 10.5094
17401 10.5776
17501 10.6329
17601 10.6846
17701 10.8911
17801 10.9505
17901 11.0037
18001 11.0685
18101 11.1285
18201 11.1888
18301 11.2559
18401 11.3056
18501 11.3663
18601 11.431
18701 11.49
18801 11.5473
18901 11.6082
19001 11.6707
19101 11.7266
19201 11.7856
19301 11.8525
19401 11.91
19501 11.971
19601 12.0299
19701 12.091
19801 12.1561
19901 12.2094
20001 12.2733
20101 12.3299
20201 12.3901
20301 12.4516
20401 12.5107
20501 12.5731
20601 12.6291
20701 12.6893
20801 12.7481
20901 12.8089
21001 12.8746
21101 12.9316
21201 12.9953
21301 13.0486
21401 13.1078
21501 13.1697
21601 13.2244
21701 13.2922
21801 13.3488
21901 13.4161
22001 13.4692
22101 13.5277
22201 13.5985
22301 13.6558
22401 13.7071
22501 13.7682
22601 13.8302
22701 13.8856
22801 13.9451
22901 14.0084
23001 14.0703
23101 14.1308
23201 14.186
23301 14.2426
23401 14.3049
23501 14.3656
23601 14.4279
23701 14.4836
23801 14.5492
23901 14.6101
24001 14.6637
24101 14.7275
24201 14.7842
24301 14.8441
24401 14.9036
24501 14.9658
24601 15.0256
24701 15.0858
24801 15.147
24901 15.2036
25001 15.2659
25101 15.3261
25201 15.3877
25301 15.4456
25401 15.5078
25501 15.565
25601 15.6265
25701 15.6876
25801 15.7459
25901 15.8076
26001 15.8751
26101 15.9266
26201 15.9857
26301 16.0465
26401 16.1081
26501 16.1685
26601 16.2292
26701 16.2898
26801 16.3519
26901 16.4109
27001 16.4705
27101 16.5323
27201 16.5897
27301 16.6495
27401 16.7104
27501 16.7729
27601 16.8323
27701 16.8943
27801 16.9529
27901 17.0151
28001 17.0735
28101 17.1332
28201 17.1913
28301 17.25
28401 17.3208
28501 17.3731
28601 17.4399
28701 17.5001
28801 17.5519
28901 17.6159
29001 17.6761
29101 17.7365
29201 17.7945
29301 17.8548
29401 17.9124
29501 17.9765
29601 18.0318
29701 18.094
29801 18.1564
29901 18.2117
30001 18.2721
30101 18.3388
30201 18.3954
30301 18.4546
30401 18.5142
30501 18.5699
30601 18.6451
30701 18.6883
30801 18.7537
30901 18.8157
31001 18.8755
31101 18.9367
31201 18.9992
31301 19.059
31401 19.1833
31501 19.407
31601 19.4719
31701 19.534
31801 19.5978
31901 19.6546
32001 19.72
32101 19.7801
32201 19.8472
32301 19.912
32401 19.9733
32501 20.0291
32601 20.1009
32701 20.1631
32801 20.2237
32901 20.2869
33001 20.3489
33101 20.4135
33201 20.4755
33301 20.5499
33401 20.6018
33501 20.6575
33601 20.7215
33701 20.785
33801 20.8493
33901 20.912
34001 20.972
34101 21.0331
34201 21.0982
34301 21.1555
34401 21.2224
34501 21.2927
34601 21.3462
34701 21.4281
34801 21.4692
34901 21.5311
35001 21.5948
35101 21.6611
35201 21.7223
35301 21.7807
35401 21.8455
35501 21.9073
35601 21.971
35701 22.0319
35801 22.0948
35901 22.1589
36001 22.2194
36101 22.2856
36201 22.3452
36301 22.4095
36401 22.4729
36501 22.5322
36601 22.594
36701 22.6607
36801 22.7214
36901 22.7856
37001 22.8459
37101 22.9096
37201 22.9734
37301 23.0353
37401 23.0997
37501 23.1563
37601 23.2226
37701 23.2843
37801 23.3504
37901 23.4155
38001 23.4763
38101 23.5366
38201 23.5978
38301 23.6616
38401 23.7247
38501 23.7905
38601 23.8529
38701 23.912
38801 23.9961
38901 24.0325
39001 24.1012
39101 24.1637
39201 24.2308
39301 24.2887
39401 24.3507
39501 24.4177
39601 24.4821
39701 24.5413
39801 24.6065
39901 24.6701
40001 24.731
40101 24.7903
40201 24.8571
40301 24.9167
40401 24.9753
40501 25.042
40601 25.1053
40701 25.1673
40801 25.2306
40901 25.2902
41001 25.3528
41101 25.417
41201 25.4768
41301 25.5436
41401 25.602
41501 25.6681
41601 25.7253
41701 25.7925
41801 25.8545
41901 25.9199
42001 25.9834
42101 26.04
42201 26.1025
42301 26.1612
42401 26.226
42501 26.2928
42601 26.3541
42701 26.4115
42801 26.4755
42901 26.5514
43001 26.5987
43101 26.6615
43201 26.7262
43301 26.7897
43401 26.8705
43501 26.9073
43601 26.9706
43701 27.0332
43801 27.0998
43901 27.1618
44001 27.2271
44101 27.2846
44201 27.3479
44301 27.4119
44401 27.4707
44501 27.5365
44601 27.6043
44701 27.6611
44801 27.7211
44901 27.786
45001 27.845
45101 27.9121
45201 27.9774
45301 28.0512
45401 28.1161
45501 28.1768
45601 28.2418
45701 28.3027
45801 28.365
45901 28.4251
46001 28.4913
46101 28.5522
46201 28.6142
46301 28.6786
46401 28.7388
46501 28.8028
46601 28.8657
46701 28.9262
46801 28.9898
46901 29.0495
47001 29.1119
47101 29.1721
47201 29.2381
47301 29.2975
47401 29.3611
47501 29.4535
47601 29.4881
47701 29.5488
47801 29.6055
47901 29.6698
48001 29.7298
48101 29.7921
48201 29.8552
48301 29.9226
48401 29.9866
48501 30.0405
48601 30.0982
48701 30.1663
48801 30.2281
48901 30.2891
49001 30.3532
49101 30.4123
49201 30.4791
49301 30.5333
49401 30.5993
49501 30.6632
49601 30.7263
49701 30.787
49801 30.8469
49901 30.9077
50001 30.9708
50101 31.0339
50201 31.095
50301 31.1501
50401 31.2202
50501 31.2739
50601 31.3421
50701 31.4039
50801 31.4623
50901 31.5253
51001 31.589
51101 31.652
51201 31.7125
51301 31.7769
51401 31.8404
51501 31.9077
51601 31.9925
51701 32.032
51801 32.0913
51901 32.148
52001 32.2162
52101 32.2789
52201 32.3422
52301 32.4058
52401 32.466
52501 32.5302
52601 32.5866
52701 32.6497
52801 32.711
52901 32.775
53001 32.8387
53101 32.9055
53201 32.9637
53301 33.034
53401 33.0909
53501 33.1531
53601 33.2121
53701 33.2684
53801 33.3334
53901 33.3936
54001 33.4526
54101 33.5206
54201 33.5827
54301 33.6479
54401 33.7054
54501 33.7681
54601 33.8272
54701 33.8956
54801 33.9613
54901 34.0224
55001 34.0891
55101 34.1504
55201 34.2097
55301 46.2604
55401 45.923
55501 51.0317
55601 51.0985
55701 51.6424
55801 51.2882
55901 51.3651
56001 51.4617
56101 51.5457
56201 51.8768
56301 51.7486
56401 51.7962
56501 52.203
56601 51.9832
56701 52.0718
56801 52.1618
56901 52.2478
57001 52.3443
57101 52.4265
57201 52.5278
57301 52.6906
57401 52.6949
57501 53.3748
57601 52.8857
57701 52.967
57801 53.121
57901 53.1345
58001 53.7892
58101 53.316
58201 53.4078
58301 53.8564
58401 53.5739
58501 54.0454
58601 53.7617
58701 53.8453
58801 54.2995
58901 54.018
59001 54.1143
59101 54.2943
59201 54.3434
59301 54.4472
59401 54.5222
59501 54.6104
59601 54.6909
59701 54.8051
59801 55.3334
59901 55.0034
60001 55.0726
60101 55.1675
60201 55.2492
60301 55.6351
60401 55.4463
60501 55.5445
60601 55.8839
60701 55.7179
60801 56.0352
60901 55.8828
61001 56.0276
61101 56.1279
61201 56.2079
61301 56.2928
61401 56.402
61501 56.4936
61601 56.5842
61701 56.6637
61801 56.7532
61901 56.8396
62001 56.9271
62101 57.6104
62201 57.1235
62301 57.2093
62401 57.3008
62501 57.3855
62601 57.846
62701 57.5679
62801 57.6536
62901 58.148
63001 57.8379
63101 57.9329
63201 58.0249
63301 58.1278
63401 58.385
63501 58.3091
63601 58.4073
63701 58.5653
63801 58.5799
63901 59.0124
64001 58.7673
64101 58.8525
64201 58.9394
64301 59.0219
64401 59.6992
64501 59.2286
64601 59.3001
64701 59.7745
64801 59.4815
64901 60.0079
65001 59.6653
65101 59.7491
65201 60.235
65301 59.9321
65401 60.0323
65501 60.1267
65601 60.2174
65701 60.397
65801 60.4046
65901 60.4899
66001 60.5911
66101 60.6786
66201 61.191
66301 60.8793
66401 60.9602
66501 61.0648
66601 61.1426
66701 61.2923
66801 61.326
66901 61.4115
67001 61.755
67101 61.5911
67201 61.7868
67301 61.7796
67401 61.8748
67501 62.2067
67601 62.0923
67701 62.1858
67801 62.4094
67901 62.3639
68001 62.7096
68101 62.6198
68201 62.6909
68301 62.8547
68401 62.8945
68501 63.6305
68601 63.1402
68701 63.2232
68801 63.3264
68901 63.3887
69001 63.8923
69101 63.5879
69201 63.6724
69301 64.2222
69401 63.9012
69501 63.9796
69601 64.0561
69701 64.1564
69801 64.3414
69901 64.3558
70001 64.4492
70101 64.6113
70201 64.6398
70301 65.2632
70401 64.81
70501 64.8874
70601 64.9775
70701 65.0683
70801 65.6722
70901 65.2436
71001 65.3391
71101 65.5407
71201 65.5333
71301 65.8529
71401 65.7185
71501 65.7951
71601 66.1389
71701 65.9714
71801 66.0749
71901 66.1659
72001 66.2618
72101 66.3443
72201 66.4516
72301 66.5311
72401 66.6125
72501 66.7054
72601 67.227
72701 66.9021
72801 66.9786
72901 67.0667
73001 67.1578
73101 67.464
73201 67.3546
73301 67.4411
73401 67.6825
73501 67.6128
73601 67.9039
73701 67.7796
73801 67.881
73901 67.9755
74001 68.0786
74101 68.1732
74201 68.2448
74301 68.3438
74401 68.4149
74501 68.5255
74601 68.6119
74701 68.7623
74801 68.848
74901 69.5452
75001 69.0361
75101 69.1339
75201 69.2182
75301 69.3193
75401 69.684
75501 69.4948
75601 69.572
75701 70.041
75801 69.7602
75901 69.8576
76001 69.9423
76101 70.0436
76201 70.1432
76301 70.2296
76401 70.3154
76501 70.4031
76601 70.4913
76701 71.251
76801 70.689
76901 70.7626
77001 70.8611
77101 70.9481
77201 71.7498
77301 71.1184
77401 71.2177
77501 71.6647
77601 71.3977
77701 71.6921
77801 71.572
77901 71.6701
78001 72.0745
78101 71.8662
78201 71.9514
78301 72.0262
78401 72.1218
78501 72.3049
78601 72.2957
78701 72.3909
78801 72.5798
78901 72.5797
79001 73.4073
79101 72.7547
79201 72.8471
79301 72.9264
79401 73.0225
79501 73.5223
79601 73.2019
79701 73.2899
79801 73.7199
79901 73.4771
80001 73.8728
80101 73.6581
80201 73.7654
80301 73.8736
80401 73.9633
80501 74.0485
80601 74.1364
80701 74.2127
80801 74.3209
80901 74.414
81001 74.4878
81101 74.5678
81201 74.6673
81301 75.5281
81401 74.8639
81501 74.9429
81601 75.0456
81701 75.1165
81801 75.8321
81901 75.3038
82001 75.3853
82101 76.0446
82201 75.5625
82301 75.6681
82401 75.7463
82501 75.8941
82601 76.1971
82701 76.0834
82801 76.1694
82901 76.3935
83001 88.7854
83101 97.33
83201 96.76
83301 96.8547
83401 96.9514
83501 97.0671
83601 97.756
83701 97.3217
83801 97.4284
83901 97.9708
84001 97.6591
84101 98.0607
84201 97.8734
84301 97.9973
84401 98.3631
84501 98.2279
84601 98.345
84701 98.4616
84801 98.5841
84901 99.7134
85001 99.5093
85101 99.6032
85201 99.8728
85301 99.8466
85401 100.731
85501 100.07
85601 100.164
85701 100.296
85801 100.408
85901 101.061
86001 100.611
86101 100.731
86201 101.527
86301 100.972
86401 101.716
86501 101.191
86601 101.328
86701 102.256
86801 101.715
86901 101.829
87001 102.398
87101 102.082
87201 102.729
87301 102.33
87401 102.512
87501 102.829
87601 102.716
87701 104.193
87801 103.02
87901 103.074
88001 103.486
88101 103.32
88201 104.377
88301 103.537
88401 103.683
88501 103.818
88601 103.918
88701 104.016
88801 104.139
88901 104.22
89001 104.352
89101 104.52
89201 104.596
89301 104.709
89401 104.802
89501 104.949
89601 105.06
89701 105.143
89801 105.305
89901 105.393
90001 106.185
90101 105.61
90201 105.721
90301 106.362
90401 105.93
90501 106.284
90601 106.179
90701 106.316
90801 106.647
90901 106.498
91001 106.634
91101 106.735
91201 106.868
91301 106.965
91401 107.102
91501 107.22
91601 107.279
91701 107.424
91801 107.511
91901 107.679
92001 107.761
92101 108.197
92201 108.169
92301 108.657
92401 108.428
92501 108.529
92601 109.028
92701 108.765
92801 109.143
92901 108.993
93001 109.098
93101 109.417
93201 109.335
93301 109.442
93401 109.737
93501 109.686
93601 110.102
93701 109.971
93801 110.036
93901 110.162
94001 110.254
94101 110.392
94201 110.478
94301 110.608
94401 110.729
94501 110.82
94601 110.959
94701 111.045
94801 111.185
94901 111.301
95001 111.399
95101 111.541
95201 111.61
95301 111.753
95401 111.827
95501 111.981
95601 112.081
95701 112.222
95801 112.317
95901 112.974
96001 112.544
96101 112.668
96201 112.746
96301 112.884
96401 113.518
96501 113.119
96601 113.215
96701 113.65
96801 113.448
96901 113.583
97001 113.67
97101 113.77
97201 114.12
97301 114.007
97401 114.133
97501 114.281
97601 114.361
97701 114.499
97801 114.623
97901 114.701
98001 114.844
98101 114.94
98201 115.412
98301 115.192
98401 115.307
98501 115.433
98601 115.501
98701 117.025
98801 116.416
98901 116.547
99001 117.297
99101 116.717
99201 117.247
99301 116.925
99401 117.06
99501 117.287
99601 117.31
99701 117.448
99801 117.724
99901 117.683
100001 118.069
100101 117.878
100201 118.002
100301 118.214
100401 118.242
100501 120.076
100601 118.706
100701 118.794
100801 119.064
100901 119.04
101001 119.807
101101 119.285
101201 119.363
101301 120.336
101401 119.583
101501 119.7
101601 119.873
101701 119.967
101801 120.625
101901 120.239
102001 120.317
102101 120.944
102201 120.552
102301 120.691
102401 120.83
102501 120.888
102601 121.04
102701 121.13
102801 121.265
102901 121.355
103001 121.502
103101 121.589
103201 121.672
103301 121.848
103401 121.936
103501 122.049
103601 122.513
103701 122.291
103801 122.391
103901 122.473
104001 122.632
104101 122.817
104201 122.842
104301 122.977
104401 123.048
104501 123.175
104601 123.805
104701 123.432
104801 123.516
104901 123.605
105001 123.769
105101 124.117
105201 123.958
105301 124.088
105401 124.207
105501 124.335
105601 124.422
105701 124.583
105801 124.644
105901 125.134
106001 124.925
106101 125.006
106201 125.159
106301 125.262
106401 125.409
106501 125.539
106601 125.598
106701 125.714
106801 125.792
106901 126.912
107001 126.038
107101 126.18
107201 126.273
107301 126.361
107401 127.119
107501 126.597
107601 126.723
107701 126.847
107801 126.931
107901 127.065
108001 127.146
108101 127.316
108201 127.407
108301 127.547
108401 127.659
108501 127.757
108601 127.887
108701 127.97
108801 128.112
108901 128.219
109001 128.304
109101 128.459
109201 129.43
109301 128.686
109401 128.813
109501 129.593
109601 129.016
109701 129.52
109801 129.258
109901 129.339
110001 129.818
110101 129.595
110201 129.7
110301 129.858
110401 129.945
110501 130.082
110601 140.926
110701 139.834
110801 150.301
110901 150.229
111001 151.642
111101 150.441
111201 150.617
111301 150.757
111401 150.886
111501 151.831
111601 151.153
111701 151.286
111801 151.902
111901 151.558
112001 152.207
112101 151.798
112201 151.96
112301 152.099
112401 152.173
112501 152.327
112601 154.153
112701 153.703
112801 154.478
112901 153.963
113001 154.092
113101 154.296
113201 154.315
113301 156.138
113401 154.612
113501 154.711
113601 155.14
113701 154.997
113801 156.695
113901 155.272
114001 155.379
114101 156.852
114201 155.709
114301 155.812
114401 156.449
114501 156.851
114601 157.935
114701 157.125
114801 157.24
114901 157.836
115001 157.513
115101 159.967
115201 157.799
115301 157.895
115401 158.475
115501 158.132
115601 160.924
115701 158.38
115801 158.54
115901 160.409
116001 158.856
116101 158.978
116201 159.094
116301 159.259
116401 159.398
116501 159.537
116601 159.662
116701 159.784
116801 159.951
116901 160.051
117001 160.192
117101 160.327
117201 160.452
117301 160.618
117401 161.592
117501 160.837
117601 160.98
117701 161.082
117801 161.232
117901 162.129
118001 161.506
118101 161.636
118201 161.956
118301 161.845
118401 162.233
118501 162.14
118601 162.245
118701 162.401
118801 162.553
118901 162.664
119001 162.805
119101 162.892
119201 163.073
119301 163.206
119401 163.31
119501 163.479
119601 163.588
119701 165.703
119801 163.843
119901 163.993
120001 164.125
120101 164.264
120201 165.176
120301 164.482
120401 164.648
120501 165.4
120601 164.922
120701 165.048
120801 165.18
120901 165.345
121001 165.915
121101 165.565
121201 165.712
121301 166.193
121401 165.834
121501 165.949
121601 166.1
121701 166.245
121801 166.347
121901 166.518
122001 166.624
122101 166.782
122201 166.914
122301 167.037
122401 167.18
122501 167.324
122601 167.453
122701 167.581
122801 168.28
122901 167.876
123001 167.981
123101 168.135
123201 168.247
123301 168.745
123401 168.513
123501 168.627
123601 168.753
123701 168.823
123801 169.848
123901 169.102
124001 169.347
124101 169.47
124201 169.582
124301 170.414
124401 169.862
124501 170.004
124601 170.337
124701 170.234
124801 170.87
124901 170.478
125001 170.677
125101 170.821
125201 170.919
125301 171.055
125401 171.186
125501 171.307
125601 171.428
125701 171.609
125801 171.72
125901 171.85
126001 172.017
126101 172.503
126201 172.255
126301 172.409
126401 173.731
126501 173.404
126601 175.045
126701 173.653
126801 173.754
126901 174.944
127001 174.071
127101 174.16
127201 174.341
127301 174.416
127401 175.374
127501 174.147
128001 175.248
128501 176.513
129001 177.099
129501 178.506
130001 178.581
130501 179.248
131001 179.893
131501 180.66
132001 181.253
132501 182.925
133001 182.53
133501 183.167
134001 183.856
134501 184.537
135001 185.213
135501 185.852
136001 186.512
136501 187.194
137001 187.876
137501 188.55
138001 189.171
138501 230.24
139001 237.525
139501 238.395
140001 239.459
140501 240.408
141001 241.23
141501 251.263
142001 259.788
142501 260.862
143001 262.389
143501 263.349
144001 264.053
144501 264.79
145001 265.895
145501 266.797
146001 267.702
146501 268.779
147001 269.569
147501 270.569
148001 271.307
148501 272.393
149001 273.282
149501 274.205
150001 275.07
150501 275.96
151001 276.831
151501 277.642
152001 278.683
152501 280.179
153001 280.719
153501 281.814
154001 282.666
154501 283.804
155001 284.088
155501 284.828
156001 285.816
156501 286.799
157001 287.823
157501 288.656
158001 289.456
158501 290.43
159001 291.306
159501 292.365
160001 293.251
160501 294.172
161001 295.041
161501 296.002
162001 298.299
162501 299.039
163001 299.926
163501 300.844
164001 302.076
164501 303.123
165001 303.776
165501 304.714
166001 305.772
166501 306.62
167001 307.538
167501 308.41
168001 309.336
168501 310.195

