1 0.0646732
101 0.0743959
201 0.082304
301 0.0955021
401 0.0882511
501 0.093308
601 0.106384
701 0.112029
801 0.122456
901 0.135335
1001 0.138142
1101 0.159682
1201 0.164095
1301 0.183558
1401 0.195755
1501 0.205969
1601 0.225222
1701 0.230569
1801 0.259241
1901 0.272226
2001 0.283462
2101 0.313781
2201 0.323238
2301 0.335775
2401 0.365698
2501 0.376605
2601 0.406626
2701 0.42557
2801 0.442967
2901 0.473739
3001 0.494363
3101 0.533397
3201 0.545933
3301 0.565629
3401 0.599675
3501 0.61704
3601 0.667067
3701 0.686266
3801 0.707676
3901 0.75907
4001 0.778886
4101 0.821344
4201 0.836568
4301 0.851764
4401 0.905383
4501 0.937886
4601 0.95733
4701 1.01832
4801 1.04003
4901 1.09203
5001 1.11223
5101 1.12489
5201 1.18576
5301 1.23037
5401 1.29673
5501 1.3285
5601 1.35068
5701 1.41508
5801 1.4373
5901 1.49797
6001 1.51984
6101 1.5469
6201 1.63831
6301 1.66968
6401 1.74821
6501 1.77282
6601 1.79736
6701 1.87347
6801 1.89767
6901 1.91606
7001 1.99563
7101 2.05464
7201 2.14398
7301 2.17727
7401 2.20546
7501 2.28511
7601 2.31178
7701 2.38816
7801 2.41598
7901 2.46816
8001 2.5917
8101 2.64041
8201 2.71914
8301 2.74477
8401 2.77151
8501 2.85302
8601 2.87902
8701 2.92827
8801 3.05139
8901 3.1026
9001 3.20166
9101 3.24702
9201 3.27302
9301 3.37416
9401 3.39807
9501 3.48783
9601 3.56375
9701 3.61808
9801 3.73858
9901 3.78611
10001 3.89999
10101 3.92954
10201 3.95832
10301 4.04829
10401 4.10458
10501 4.25233
10601 4.30692
10701 4.35645
10801 4.48715
10901 4.53324
11001 4.5672
11101 4.66966
11201 4.69414
11301 4.85112
11401 4.91864
11501 4.97745
11601 5.12217
11701 5.17062
11801 5.3039
11901 5.31309
12001 5.33828
12101 5.48517
12201 5.57943
12301 5.7192
12401 5.77889
12501 5.84156
12601 5.98561
12701 6.0118
12801 6.13216
12901 6.16528
13001 6.23743
13101 6.42098
13201 6.48902
13301 6.54209
13401 6.71103
13501 6.76664
13601 6.90295
13701 6.91856
13801 6.95764
13901 7.15509
14001 7.25715
14101 7.42386
14201 7.48974
14301 7.56155
14401 7.7125
14501 7.74321
14601 7.85291
14701 7.9201
14801 8.02174
14901 8.20879
15001 8.27847
15101 8.33933
15201 8.5325
15301 8.57497
15401 8.73146
15501 8.74844
15601 8.8265
15701 9.04283
15801 9.12913
15901 9.29968
16001 9.37586
16101 9.44893
16201 9.64233
16301 9.65466
16401 9.82757
16501 9.93042
16601 10.0328
16701 10.23
16801 10.2997
16901 10.5038
17001 10.573
17101 10.6485
17201 10.8351
17301 10.9253
17401 11.0308
17501 11.2505
17601 11.3174
17701 11.5178
17801 11.5894
17901 11.6649
18001 11.8777
18101 11.9372
18201 12.1091
18301 12.2445
18401 12.323
18501 12.5976
18601 12.6567
18701 12.8779
18801 12.9613
18901 13.0023
19001 13.2276
19101 13.3571
19201 13.601
19301 13.7114
19401 13.7897
19501 14.02
19601 14.0832
19701 14.1908
19801 14.3827
19901 14.42
20001 14.7007
20101 14.8352
20201 14.8592
20301 15.1197
20401 15.2201
20501 15.4802
20601 15.5427
20701 15.6259
20801 15.8431
20901 15.9393
21001 16.1908
21101 16.3567
21201 16.4272
21301 16.7584
21401 16.8219
21501 16.8667
21601 16.982
21701 17.191
21801 17.4065
21901 17.5299
22001 17.624
22101 17.9191
22201 17.9396
22301 18.2029
22401 18.2682
22501 18.3438
22601 18.6472
22701 18.7864
22801 19.0513
22901 19.146
23001 19.2328
23101 19.5412
23201 19.606
23301 19.9558
23401 20.0522
23501 20.1656
23601 20.391
23701 20.5325
23801 20.5477
23901 20.8833
24001 20.9574
24101 21.275
24201 21.3228
24301 21.4487
24401 21.6978
24501 21.793
24601 22.0896
24701 22.2564
24801 22.3133
24901 22.5899
25001 22.6625
25101 23.0141
25201 23.0383
25301 23.2744
25401 23.6081
25501 23.7279
25601 23.8785
25701 24.079
25801 24.1234
25901 24.3833
26001 24.499
26101 24.6186
26201 24.9247
26301 25.1105
26401 25.371
26501 25.5151
26601 25.5846
26701 25.939
26801 25.9777
26901 26.2662
27001 26.4155
27101 26.5375
27201 26.8509
27301 27.0468
27401 27.45
27501 27.5523
27601 27.6491
27701 27.888
27801 27.9366
27901 28.1623
28001 28.4538
28101 28.5539
28201 28.8395
28301 29.0731
28401 29.089
28501 29.4776
28601 29.6146
28701 29.985
28801 30.0337
28901 30.2493
29001 30.49
29101 30.6103
29201 30.9182
29301 31.1285
29401 31.1417
29501 31.6801
29601 31.8014
29701 32.0563
29801 32.11
29901 32.3429
30001 32.5657
30101 32.7228
30201 32.8347
30301 33.2966
30401 33.3189
30501 33.653
30601 33.7939
30701 33.938
30801 34.2521
30901 34.5194
31001 34.8093
31101 34.9042
31201 35.0173
31301 35.5279
31401 35.5463
31501 36.0681
31601 36.2152
31701 36.3477
31801 36.4784
31901 36.7204
32001 36.9216
32101 37.0663
32201 37.196
32301 37.7346
32401 37.7852
32501 38.0228
32601 38.4167
32701 38.5172
32801 38.8626
32901 39.1025
33001 39.0871
33101 39.4669
33201 39.5728
33301 40.1018
33401 40.1158
33501 40.3961
33601 40.9029
33701 41.0209
33801 41.1293
33901 41.435
34001 41.4281
34101 41.9099
34201 42.0764
34301 42.2338
34401 42.6279
34501 42.8806
34601 43.1731
34701 43.2771
34801 43.3853
34901 43.9358
35001 43.9745
35101 44.4176
35201 44.5698
35301 44.6996
35401 45.1532
35501 45.4508
35601 45.8834
35701 46.0328
35801 46.1868
35901 46.4982
36001 46.5346
36101 46.9757
36201 47.1108
36301 47.233
36401 47.6431
36501 47.9712
36601 47.9646
36701 48.4451
36801 48.6083
36901 49.2978
37001 49.2862
37101 49.612
37201 49.7702
37301 49.8992
37401 50.3269
37501 50.6707
37601 50.6376
37701 51.3622
37801 51.5221
37901 51.9432
38001 51.9499
38101 52.2698
38201 52.4926
38301 52.6611
38401 53.0105
38501 53.4013
38601 53.3989
38701 53.8131
38801 53.91
38901 54.1115
39001 54.6676
39101 55.0278
39201 55.2745
39301 55.4738
39401 55.6538
39501 56.2614
39601 56.2614
39701 56.9947
39801 57.1273
39901 57.2842
40001 57.5182
40101 57.8494
40201 58.1521
40301 58.3005
40401 58.5128
40501 59.2444
40601 59.3165
40701 59.6349
40801 59.6662
40901 59.8519
41001 60.5617
41101 60.9704
41201 60.9165
41301 61.4007
41401 61.5605
41501 62.1979
41601 62.0242
41701 62.5091
41801 63.0378
41901 63.2367
42001 63.4274
42101 63.9195
42201 63.7805
42301 64.4113
42401 64.5757
42501 65.3537
42601 65.3519
42701 65.7589
42801 65.6832
42901 65.8203
43001 66.0827
43101 67.1878
43201 67.1166
43301 67.4613
43401 67.6537
43501 67.8576
43601 68.5462
43701 68.9757
43801 69.2789
43901 69.4513
44001 69.6101
44101 70.418
44201 70.2792
44301 70.6005
44401 70.8559
44501 71.0224
44601 71.7819
44701 72.3635
44801 71.9864
44901 72.2446
45001 72.3743
45101 73.7595
45201 73.7723
45301 74.2016
45401 74.4997
45501 74.6791
45601 75.1446
45701 75.6426
45801 75.5251
45901 76.0059
46001 76.2608
46101 77.2606
46201 77.2212
46301 77.9205
46401 77.9048
46501 78.097
46601 78.5801
46701 79.1208
46801 79.073
46901 78.8151
47001 78.9741
47101 79.1933
47201 80.6516
47301 81.2669
47401 81.1225
47501 81.4773
47601 81.6681
47701 82.7846
47801 82.656
47901 82.7838
48001 83.0471
48101 83.3934
48201 84.1996
48301 84.6957
48401 84.6902
48501 84.9735
48601 85.2828
48701 86.3917
48801 86.2908
48901 85.5069
49001 85.8109
49101 86.1393
49201 88.0125
49301 88.5434
49401 88.3721
49501 88.8749
49601 89.0766
49701 90.2475
49801 90.204
49901 90.6352
50001 90.371
50101 90.6217
50201 92.0224
50301 92.6241
50401 92.4451
50501 92.5794
50601 92.8759
50701 94.0048
50801 94.038
50901 94.6084
51001 93.5122
51101 93.9585
51201 95.9349
51301 96.5706
51401 96.4426
51501 96.6882
51601 96.9333
51701 97.1545
51801 98.3358
51901 98.8719
52001 98.2557
52101 98.4251
52201 98.6293
52301 100.514
52401 100.573
52501 101.049
52601 101.393
52701 101.657
52801 102.663
52901 103.199
53001 101.824
53101 101.97
53201 102.265
53301 104.749
53401 104.758
53501 105.357
53601 105.785
53701 106.02
53801 106.931
53901 107.539
54001 107.502
54101 106.937
54201 107.061
54301 109.262
54401 109.384
54501 109.862
54601 109.507
54701 109.938
54801 111.287
54901 111.874
55001 112.026
55101 110.792
55201 111.074
55301 113.965
55401 114.026
55501 114.586
55601 114.313
55701 114.576
55801 114.741
55901 116.648
56001 116.744
56101 116.079
56201 116.454
56301 116.916
56401 118.316
56501 118.836
56601 118.81
56701 119.222
56801 119.525
56901 121.225
57001 121.387
57101 119.677
57201 120.036
57301 120.43
57401 123.522
57501 123.986
57601 123.963
57701 124.365
57801 124.645
57901 126.031
58001 126.12
58101 126.62
58201 126.37
58301 126.646
58401 128.243
58501 128.771
58601 128.866
58701 128.735
58801 129.242
58901 130.793
59001 130.897
59101 131.44
59201 130.419
59301 130.684
59401 133.2
59501 133.74
59601 133.82
59701 134.103
59801 134.505
59901 134.825
60001 135.982
60101 136.443
60201 135.851
60301 136.309
60401 136.563
60501 138.858
60601 139.021
60701 139.414
60801 139.872
60901 140.119
61001 141.429
61101 141.898
61201 140.801
61301 141.334
61401 141.496
61501 144.052
61601 144.348
61701 144.571
61801 144.891
61901 145.15
62001 146.339
62101 146.954
62201 147.123
62301 147.064
62401 147.309
62501 149.373
62601 149.565
62701 150.125
62801 150.488
62901 150.807
63001 151.917
63101 152.496
63201 152.779
63301 152.371
63401 152.76
63501 154.762
63601 155.009
63701 155.369
63801 156.29
63901 156.516
64001 157.219
64101 157.781
64201 157.912
64301 157.782
64401 158.029
64501 158.537
64601 160.205
64701 160.666
64801 160.98
64901 161.498
65001 161.879
65101 163.216
65201 163.019
65301 161.25
65401 161.986
65501 162.442
65601 166.062
65701 166.5
65801 166.968
65901 167.285
66001 167.591
66101 168.799
66201 169.139
66301 169.635
66401 169.936
66501 170.344
66601 171.724
66701 172.224
66801 172.46
66901 173.188
67001 173.525
67101 174.85
67201 175.046
67301 175.435
67401 175.188
67501 175.484
67601 177.238
67701 177.719
67801 177.996
67901 178.936
68001 179.364
68101 180.655
68201 181.056
68301 181.549
68401 181.761
68501 182.131
68601 182.597
68701 184.045
68801 184.324
68901 184.924
69001 185.33
69101 185.658
69201 186.854
69301 187.322
69401 187.061
69501 187.543
69601 187.987
69701 189.978
69801 190.269
69901 190.902
70001 191.376
70101 191.787
70201 192.913
70301 193.34
70401 193.706
70501 194.144
70601 194.565
70701 196.17
70801 196.431
70901 196.798
71001 197.36
71101 197.767
71201 198.947
71301 199.472
71401 199.854
71501 199.895
71601 200.228
71701 202.051
71801 202.417
71901 202.903
72001 203.635
72101 204.048
72201 205.109
72301 205.62
72401 206.007
72501 206.49
72601 206.85
72701 207.084
72801 208.745
72901 209.297
73001 209.919
73101 210.514
73201 210.729
73301 211.994
73401 212.367
73501 212.577
73601 212.932
73701 213.267
73801 215.233
73901 215.629
74001 216.337
74101 216.843
74201 217.193
74301 218.42
74401 218.793
74501 219.257
74601 219.682
74701 219.942
74801 221.458
74901 221.913
75001 222.314
75101 223.206
75201 223.544
75301 224.771
75401 225.178
75501 225.652
75601 225.877
75701 226.329
75801 228.176
75901 228.683
76001 228.955
76101 229.844
76201 230.138
76301 231.36
76401 231.728
76501 232.133
76601 232.776
76701 233.334
76801 234.784
76901 235.203
77001 235.558
77101 236.385
77201 236.743
77301 237.159
77401 238.523
77501 239.036
77601 239.21
77701 239.633
77801 240.036
77901 242.023
78001 242.331
78101 243.208
78201 243.648
78301 243.94
78401 245.263
78501 245.56
78601 246.076
78701 246.586
78801 246.836
78901 248.242
79001 248.709
79101 249.071
79201 250.253
79301 250.77
79401 251.975
79501 252.437
79601 252.697
79701 252.955
79801 253.271
79901 255.311
80001 255.757
80101 256.299
80201 257.027
80301 257.551
80401 258.785
80501 259.265
80601 259.554
80701 260.169
80801 260.411
80901 262.003
81001 262.388
81101 263.013
81201 264.055
81301 264.571
81401 265.003
81501 266.209
81601 266.594
81701 267.07
81801 267.426
81901 268.024
82001 269.795
82101 270.267
82201 271.203
82301 271.713
82401 272.075
82501 273.349
82601 273.696
82701 274.382
82801 274.578
82901 274.96
83001 276.738
83101 277.316
83201 278.327
83301 278.887
83401 279.272
83501 280.641
83601 281.037
83701 281.495
83801 281.68
83901 282.096
84001 284.22
84101 284.706
84201 285.015
84301 286.282
84401 286.663
84501 288.166
84601 288.514
84701 288.926
84801 289.305
84901 289.777
85001 291.003
85101 291.702
85201 292.11
85301 293.633
85401 294.076
85501 294.641
85601 295.586
85701 296.115
85801 296.386
85901 296.86
86001 297.286
86101 299.529
86201 299.825
86301 300.937
86401 301.339
86501 301.775
86601 302.804
86701 303.28
86801 303.941
86901 304.533
87001 305.014
87101 307.256
87201 307.475
87301 308.053
87401 308.466
87501 309.021
87601 310.426
87701 310.863
87801 311.331
87901 311.637
88001 312.006
88101 314.275
88201 314.603
88301 315.165
88401 315.984
88501 316.404
