1 0.647127
101 0.887264
201 1.659210
301 2.912753
401 4.387044
501 6.357900
601 8.759907
701 11.754642
801 14.807113
901 18.383555
1001 22.611832
1101 26.885801
1201 31.867337
1301 37.101186
1401 42.862186
1501 49.179738
1601 55.547934
1701 62.388895
1801 69.806815
1901 77.473766
2001 85.738890
2101 93.961705
2201 102.581144
2301 112.290039
2401 121.893356
2501 131.484945
2601 140.803825
2701 149.513523
2801 159.235325
2901 200.376360
3001 180.513698
3101 204.231305
3201 187.615817
3301 198.987934
3401 211.430465
3501 224.937457
3601 239.947612
3701 249.766721
3801 263.418609
3901 277.662091
4001 291.736668
4101 306.873060
4201 322.313608
4301 336.718982
4401 353.283545
