1 0.018375
101 0.125772
201 0.433799
301 0.947196
401 1.659027
501 2.572277
601 3.692175
701 5.011831
801 6.533813
901 8.259695
1001 10.189006
1101 12.315461
1201 14.644862
1301 17.177431
1401 19.945930
1501 22.866534
1601 25.972479
1701 29.300087
1801 32.841235
1901 36.580171
2001 40.576120
2101 44.683449
2201 49.030604
2301 53.585622
2401 58.345926
2501 63.286867
2601 68.461960
2701 73.891357
2801 79.479078
2901 85.133116
3001 91.133342
3101 97.278086
3201 103.682594
3301 110.115133
3401 116.844637
3501 123.819295
3601 130.992396
3701 138.342738
3801 145.967111
3901 153.734275
4001 161.681024
4101 169.837052
4201 178.302758
4301 186.786727
4401 195.563380
4501 204.600623
4601 213.781710
4701 223.118132
4801 232.753578
4901 242.495525
5001 252.461331
5101 262.749172
5201 273.133313
5301 283.620395
5401 294.413230
5501 305.424438
5601 316.669046
5701 328.098520
5801 339.732693
5901 351.576291
