100 0.146322
200 0.384209
300 0.679325
400 1.019888
500 1.391962
600 1.769029
700 2.186842
800 2.611592
900 3.048623
1000 3.515962
1100 4.014211
1200 4.492538
1300 4.948650
1400 5.554093
1500 6.038890
1600 6.574731
1700 7.087494
1800 7.732836
1900 8.147774
2000 8.799009
2100 9.500457
2200 9.954599
2300 10.591608
2400 11.179683
2500 11.800556
2600 12.475756
2700 13.017349
2800 13.589883
2900 14.211527
3000 14.851074
3100 15.519039
3200 16.120765
3300 16.766819
3400 17.335731
3500 18.222943
3600 18.768165
3700 19.460203
3800 19.928139
3900 20.695487
4000 21.132567
4100 22.102221
4200 23.006067
4300 23.206468
4400 23.979470
4500 24.615673
4600 25.374109
4700 25.700456
4800 26.808145
4900 27.652810
5000 28.409358
5100 29.086084
5200 29.685883
5300 30.330725
5400 31.050982
5500 31.671088
5600 32.647604
5700 33.410933
5800 34.263197
5900 34.771261
6000 35.414254
6100 35.909963
6200 36.982539
6300 37.513205
6400 38.332727
6500 39.055224
6600 39.845982
6700 40.538684
6800 40.995318
6900 42.010675
7000 42.692777
7100 43.060933
7200 44.240354
7300 45.038237
7400 45.924469
7500 46.952968
7600 47.619863
7700 48.274587
7800 48.513654
7900 49.402218
8000 50.004119
8100 50.909336
8200 51.856153
8300 52.595164
8400 53.002220
8500 54.358960
8600 54.965596
8700 55.563448
8800 56.179015
8900 57.238252
9000 58.494706
9100 58.062410
9200 59.654577
9300 60.222804
9400 61.347905
9500 62.158341
9600 62.616758
9700 64.150650
9800 64.337234
9900 65.602931
10000 65.781807
10100 66.473961
10200 67.374300
10300 68.278543
10400 69.198629
10500 69.973304
10600 70.529623
10700 71.087838
10800 72.950778
10900 73.137756
11000 73.767392
11100 74.614322
11200 76.149763
11300 76.999197
11400 77.437955
11500 78.264836
11600 78.395078
11700 80.105836
11800 81.372004
11900 82.421347
12000 81.958178
12100 83.242038
12200 83.557582
12300 84.373751
12400 85.486296
12500 87.081744
12600 87.335728
12700 88.927855
12800 87.889884
12900 90.083221
13000 91.053184
13100 91.283084
13200 92.663104
13300 92.893068
13400 93.064724
13500 94.384975
13600 95.398196
13700 95.950734
13800 96.834408
13900 98.291363
14000 97.542823
14100 99.525194
14200 100.237036
14300 100.862956
14400 102.860181
14500 102.437438
14600 103.844938
14700 104.306407
14800 106.159942
14900 106.352216
15000 106.683488
15100 107.947378
15200 109.310887
15300 109.107331
15400 110.589327
15500 111.139794
15600 112.672797
15700 113.123117
15800 113.678704
15900 116.200570
16000 115.627222
16100 116.542380
16200 117.284026
16300 118.539055
16400 119.488255
16500 120.558743
16600 120.498828
16700 121.563954
16800 123.220259
16900 122.945336
17000 124.006995
17100 124.334141
17200 126.236097
17300 126.493320
17400 127.990397
17500 129.457704
17600 129.977178
17700 129.035722
17800 131.421550
17900 132.224007
18000 133.021179
18100 133.313527
18200 136.328275
18300 135.485921
18400 135.974756
18500 137.507378
18600 139.146514
18700 138.480349
18800 139.167577
18900 140.255406
19000 141.832178
19100 141.593356
19200 142.829991
19300 144.682326
19400 144.934518
19500 145.673200
19600 146.999616
19700 147.692184
19800 149.361599
19900 150.125535
20000 149.779835
20100 149.947298
20200 150.953757
20300 153.163638
20400 152.875868
20500 153.972033
20600 154.998301
20700 156.520579
20800 157.003494
20900 157.264673
21000 158.398340
21100 159.469488
21200 160.303479
21300 163.336266
21400 161.748885
21500 164.436622
21600 164.295959
21700 164.533268
21800 166.511735
21900 166.907729
22000 167.344545
22100 170.087291
22200 168.611608
22300 170.429094
22400 171.510060
22500 172.802601
22600 172.817312
22700 173.466975
22800 174.221579
22900 175.620029
23000 176.734881
23100 176.580080
23200 178.982077
23300 179.589233
23400 180.762965
23500 180.739546
23600 183.028248
23700 184.518474
23800 183.633276
23900 185.094662
24000 185.689762
24100 186.348703
24200 187.239917
24300 189.012025
24400 189.275213
24500 189.529051
24600 192.480139
24700 193.162930
24800 192.153656
24900 195.136085
25000 194.000940
25100 195.407091
25200 194.800141
25300 198.593564
25400 198.985194
25500 198.560893
25600 200.514468
25700 200.677756
25800 201.840360
25900 203.569161
26000 204.490115
26100 203.257668
26200 206.958001
26300 207.236882
26400 207.780614
26500 207.184911
26600 210.548261
26700 210.519334
26800 210.597906
26900 211.956497
27000 212.752469
27100 213.929855
27200 215.019683
27300 216.493020
27400 215.849022
27500 216.241365
27600 217.550699
27700 221.626314
27800 218.548481
27900 220.677809
28000 221.990864
28100 223.226698
28200 222.839125
28300 226.009084
28400 225.477402
28500 226.330063
28600 225.547305
28700 228.455409
28800 228.955321
28900 229.875084
29000 230.243903
29100 232.850600
29200 233.508194
29300 234.284877
29400 235.238978
29500 236.221048
29600 236.124878
29700 237.601615
29800 239.242856
29900 239.017937
30000 240.548168
30100 241.943501
30200 240.487886
30300 243.241603
30400 243.318316
30500 243.517630
30600 246.071349
30700 246.115711
30800 247.373941
30900 250.028739
31000 249.984556
31100 250.293942
31200 250.463793
31300 252.383533
31400 254.262429
31500 254.918753
31600 256.727421
31700 255.331056
31800 257.070728
31900 257.881364
32000 258.870938
32100 260.009802
32200 261.569794
32300 262.505161
32400 260.902285
32500 261.505513
32600 265.052442
32700 265.697992
32800 266.700586
32900 268.103592
33000 266.839829
33100 269.766314
33200 268.939788
33300 271.140594
33400 270.253490
33500 273.398752
33600 273.582282
33700 274.619554
33800 274.950871
33900 277.361263
34000 280.180179
34100 278.340617
34200 279.725016
34300 280.830289
34400 280.403525
34500 282.042062
34600 282.155853
34700 283.940808
34800 284.832392
34900 285.557089
35000 286.856460
35100 288.709624
35200 288.276008
35300 290.537458
35400 288.960055
35500 291.382242
35600 292.511747
35700 292.136799
35800 295.290737
35900 297.399944
36000 295.849538
36100 297.979292
36200 300.648439
36300 298.696808
36400 299.474343
36500 300.294822
36600 302.940208
36700 302.555531
36800 302.807459
36900 305.568312
37000 304.625564
37100 306.832752
37200 305.833342
37300 306.822579
37400 310.579804
37500 308.396701
37600 311.261981
37700 311.044326
37800 312.389435
37900 312.835416
38000 316.392796
38100 315.643274
38200 316.928357
38300 316.264776
38400 320.387823
38500 321.062273
38600 319.355751
38700 322.345163
38800 320.709614
38900 322.832385
39000 324.078518
39100 325.349560
39200 326.603947
39300 326.608090
39400 329.655600
39500 330.217397
39600 330.846787
39700 330.613615
39800 333.917602
39900 332.113571
40000 333.839011
40100 336.857489
40200 336.131699
40300 334.991449
40400 335.870554
40500 338.075653
40600 340.055864
40700 339.125032
40800 340.879923
40900 343.165958
41000 344.360117
41100 345.360814
41200 346.028626
41300 344.807875
41400 347.224994
41500 346.707160
41600 348.927050
41700 350.466819
41800 350.844281
41900 350.469937
42000 353.246935
42100 352.455098
42200 355.130925
42300 355.829599
42400 357.171614
42500 358.739599
42600 360.413790
42700 360.115992
42800 363.238990
42900 360.259904
43000 363.175836
43100 364.091971
43200 365.898183
43300 366.715565
43400 368.385078
43500 367.162937
43600 367.295316
43700 369.626715
43800 372.728509
43900 371.489929
44000 374.578572
44100 373.673996
44200 374.307729
44300 376.102188
44400 374.729125
44500 378.579436
44600 376.827342
44700 379.209330
44800 379.058080
44900 381.968949
45000 384.318337
45100 386.539577
45200 381.861937
45300 387.654016
45400 387.856248
45500 387.795991
45600 389.856463
45700 389.377684
45800 390.856937
45900 392.981749
46000 393.803680
46100 394.380274
46200 394.999928
46300 395.854879
46400 397.276553
46500 396.566519
46600 401.012491
