

*******************************************************************************
Sat Oct 12 18:44:59 2024


FIT:    data read from "logs/Cuda.log" using 1:2
        format = x:z
        x range restricted to [0.00000 : 10000.0]
        #datapoints = 100
        residuals are weighted equally (unit weight)

function used for fitting: n2(x)
	n2(x) = a * x * x + b
fitted parameters initialized with current variable values

iter      chisq       delta/lim  lambda   a             b            
   0 8.6079535709e+05   0.00e+00  1.80e+02    5.772861e-06  -7.574579e-01
   5 5.1059854672e+01  -2.18e-03  1.80e-03    3.652550e-06   4.382786e-01

After 5 iterations the fit converged.
final sum of squares of residuals : 51.0599
rel. change during last iteration : -2.17949e-08

degrees of freedom    (FIT_NDF)                        : 98
rms of residuals      (FIT_STDFIT) = sqrt(WSSR/ndf)    : 0.721816
variance of residuals (reduced chisquare) = WSSR/ndf   : 0.521019

Final set of parameters            Asymptotic Standard Error
=======================            ==========================
a               = 3.65255e-06      +/- 2.444e-09    (0.0669%)
b               = 0.438279         +/- 0.1079       (24.63%)

correlation matrix of the fit parameters:
                a      b      
a               1.000 
b              -0.744  1.000 


*******************************************************************************
Sat Oct 12 18:44:59 2024


FIT:    data read from "logs/Cuda.log" using 1:2
        format = x:z
        x range restricted to [0.00000 : 10000.0]
        #datapoints = 100
        residuals are weighted equally (unit weight)

function used for fitting: nlogn(x)
	nlogn(x) = a * x * log(x*a) + b
fitted parameters initialized with current variable values

iter      chisq       delta/lim  lambda   a             b            
   0 2.6056547492e+06   0.00e+00  3.12e-01    3.652550e-06   4.382786e-01
   5 3.7871462265e+04  -7.39e-03  3.12e-05    8.055310e-03  -3.449840e+01

After 5 iterations the fit converged.
final sum of squares of residuals : 37871.5
rel. change during last iteration : -7.38573e-08

degrees of freedom    (FIT_NDF)                        : 98
rms of residuals      (FIT_STDFIT) = sqrt(WSSR/ndf)    : 19.6582
variance of residuals (reduced chisquare) = WSSR/ndf   : 386.443

Final set of parameters            Asymptotic Standard Error
=======================            ==========================
a               = 0.00805531       +/- 0.0001227    (1.523%)
b               = -34.4984         +/- 3.559        (10.32%)

correlation matrix of the fit parameters:
                a      b      
a               1.000 
b              -0.834  1.000 


*******************************************************************************
Sat Oct 26 18:25:48 2024


FIT:    data read from "logs/Cuda_V2.log" using 1:2
        format = x:z
        x range restricted to [0.00000 : 13000.0]
        #datapoints = 130
        residuals are weighted equally (unit weight)

function used for fitting: n2(x)
	n2(x) = a * x * x + b
fitted parameters initialized with current variable values

iter      chisq       delta/lim  lambda   a             b            
   0 7.2865729268e+17   0.00e+00  5.29e+07    1.000000e+00   1.000000e+00
   4 6.7274078657e+02  -1.08e-04  5.29e+03    1.864077e-06   1.000000e+00

After 4 iterations the fit converged.
final sum of squares of residuals : 672.741
rel. change during last iteration : -1.08058e-09

degrees of freedom    (FIT_NDF)                        : 128
rms of residuals      (FIT_STDFIT) = sqrt(WSSR/ndf)    : 2.29255
variance of residuals (reduced chisquare) = WSSR/ndf   : 5.25579

Final set of parameters            Asymptotic Standard Error
=======================            ==========================
a               = 1.86408e-06      +/- 4.019e-09    (0.2156%)
b               = 1                +/- 0.3009       (30.09%)

correlation matrix of the fit parameters:
                a      b      
a               1.000 
b              -0.744  1.000 


*******************************************************************************
Sat Oct 26 18:26:44 2024


FIT:    data read from "logs/Cuda_V2.log" using 1:2
        format = x:z
        x range restricted to [0.00000 : 13000.0]
        #datapoints = 130
        residuals are weighted equally (unit weight)

function used for fitting: n2(x)
	n2(x) = a * x * x + b
fitted parameters initialized with current variable values

iter      chisq       delta/lim  lambda   a             b            
   0 6.7274078657e+02   0.00e+00  9.87e+01    1.864077e-06   1.000000e+00
   4 6.5524903773e+02  -2.82e-01  9.87e-03    1.858623e-06   1.548934e+00

After 4 iterations the fit converged.
final sum of squares of residuals : 655.249
rel. change during last iteration : -2.81948e-06

degrees of freedom    (FIT_NDF)                        : 128
rms of residuals      (FIT_STDFIT) = sqrt(WSSR/ndf)    : 2.26255
variance of residuals (reduced chisquare) = WSSR/ndf   : 5.11913

Final set of parameters            Asymptotic Standard Error
=======================            ==========================
a               = 1.85862e-06      +/- 3.967e-09    (0.2134%)
b               = 1.54893          +/- 0.297        (19.17%)

correlation matrix of the fit parameters:
                a      b      
a               1.000 
b              -0.744  1.000 


*******************************************************************************
Sat Nov 16 15:31:50 2024


FIT:    data read from "logs/Secuencial_vectorial.log" using 1:2
        format = x:z
        x range restricted to [0.00000 : 13000.0]
        #datapoints = 51
        residuals are weighted equally (unit weight)

function used for fitting: n2(x)
	n2(x) = a * x * x + b
fitted parameters initialized with current variable values

iter      chisq       delta/lim  lambda   a             b            
   0 6.5728973723e+15   0.00e+00  8.03e+06    1.000000e+00   1.000000e+00
   4 3.1388115831e+03  -7.85e-05  8.03e+02    2.085801e-05   1.000000e+00

After 4 iterations the fit converged.
final sum of squares of residuals : 3138.81
rel. change during last iteration : -7.84759e-10

degrees of freedom    (FIT_NDF)                        : 49
rms of residuals      (FIT_STDFIT) = sqrt(WSSR/ndf)    : 8.00359
variance of residuals (reduced chisquare) = WSSR/ndf   : 64.0574

Final set of parameters            Asymptotic Standard Error
=======================            ==========================
a               = 2.0858e-05       +/- 1.472e-07    (0.7058%)
b               = 1                +/- 1.671        (167.1%)

correlation matrix of the fit parameters:
                a      b      
a               1.000 
b              -0.742  1.000 


*******************************************************************************
Sat Nov 16 15:32:05 2024


FIT:    data read from "logs/Secuencial_vectorial.log" using 1:2
        format = x:z
        x range restricted to [0.00000 : 4000.00]
        #datapoints = 40
        residuals are weighted equally (unit weight)

function used for fitting: n2(x)
	n2(x) = a * x * x + b
fitted parameters initialized with current variable values

iter      chisq       delta/lim  lambda   a             b            
   0 3.1199623268e+03   0.00e+00  1.02e+02    2.085801e-05   1.000000e+00
   4 3.0743156783e+03  -2.22e-01  1.02e-02    2.105114e-05   5.833455e-01

After 4 iterations the fit converged.
final sum of squares of residuals : 3074.32
rel. change during last iteration : -2.22104e-06

degrees of freedom    (FIT_NDF)                        : 38
rms of residuals      (FIT_STDFIT) = sqrt(WSSR/ndf)    : 8.99461
variance of residuals (reduced chisquare) = WSSR/ndf   : 80.903

Final set of parameters            Asymptotic Standard Error
=======================            ==========================
a               = 2.10511e-05      +/- 3.053e-07    (1.45%)
b               = 0.583346         +/- 2.117        (363%)

correlation matrix of the fit parameters:
                a      b      
a               1.000 
b              -0.741  1.000 


*******************************************************************************
Sat Nov 16 15:34:23 2024


FIT:    data read from "logs/OpenMP_vectorial.log" using 1:2
        format = x:z
        x range restricted to [0.00000 : 8000.00]
        #datapoints = 80
        residuals are weighted equally (unit weight)

function used for fitting: n2(x)
	n2(x) = a * x * x + b
fitted parameters initialized with current variable values

iter      chisq       delta/lim  lambda   a             b            
   0 1.6555706161e+07   0.00e+00  4.20e+02    2.105114e-05   5.833455e-01
   5 1.4347227939e+04  -8.09e-02  4.20e-03    4.973964e-06  -1.572671e+00

After 5 iterations the fit converged.
final sum of squares of residuals : 14347.2
rel. change during last iteration : -8.0888e-07

degrees of freedom    (FIT_NDF)                        : 78
rms of residuals      (FIT_STDFIT) = sqrt(WSSR/ndf)    : 13.5624
variance of residuals (reduced chisquare) = WSSR/ndf   : 183.939

Final set of parameters            Asymptotic Standard Error
=======================            ==========================
a               = 4.97396e-06      +/- 8.04e-08     (1.616%)
b               = -1.57267         +/- 2.266        (144.1%)

correlation matrix of the fit parameters:
                a      b      
a               1.000 
b              -0.743  1.000 


*******************************************************************************
Sat Nov 16 15:36:31 2024


FIT:    data read from "logs/Cuda_V2.log" using 1:2
        format = x:z
        x range restricted to [0.00000 : 13000.0]
        #datapoints = 130
        residuals are weighted equally (unit weight)

function used for fitting: n2(x)
	n2(x) = a * x * x + b
fitted parameters initialized with current variable values

iter      chisq       delta/lim  lambda   a             b            
   0 6.9329920658e+06   0.00e+00  2.63e+02    4.973964e-06  -1.572671e+00
   5 6.5524903773e+02  -2.92e-05  2.63e-03    1.858623e-06   1.548935e+00

After 5 iterations the fit converged.
final sum of squares of residuals : 655.249
rel. change during last iteration : -2.92385e-10

degrees of freedom    (FIT_NDF)                        : 128
rms of residuals      (FIT_STDFIT) = sqrt(WSSR/ndf)    : 2.26255
variance of residuals (reduced chisquare) = WSSR/ndf   : 5.11913

Final set of parameters            Asymptotic Standard Error
=======================            ==========================
a               = 1.85862e-06      +/- 3.967e-09    (0.2134%)
b               = 1.54893          +/- 0.297        (19.17%)

correlation matrix of the fit parameters:
                a      b      
a               1.000 
b              -0.744  1.000 
